

*******************************************************************************
Fri Sep 16 12:32:52 2016


FIT:    data read from 'anisotropy2.txt' u 1:3
        format = x:z
        #datapoints = 100
        residuals are weighted equally (unit weight)

function used for fitting: f(x)
fitted parameters initialized with current variable values



 Iteration 0
 WSSR        : 2318.01           delta(WSSR)/WSSR   : 0
 delta(WSSR) : 0                 limit for stopping : 1e-05
 lambda	  : 1

initial set of free parameter values

mean_y          = 1

After 3 iterations the fit converged.
final sum of squares of residuals : 544.884
rel. change during last iteration : -3.18891e-12

degrees of freedom    (FIT_NDF)                        : 99
rms of residuals      (FIT_STDFIT) = sqrt(WSSR/ndf)    : 2.34604
variance of residuals (reduced chisquare) = WSSR/ndf   : 5.50388

Final set of parameters            Asymptotic Standard Error
=======================            ==========================

mean_y          = 5.21086          +/- 0.2346       (4.502%)


correlation matrix of the fit parameters:

               mean_y 
mean_y          1.000 


*******************************************************************************
Fri Sep 16 12:32:55 2016


FIT:    data read from 'anisotropy2.txt' u 1:5
        format = x:z
        #datapoints = 100
        residuals are weighted equally (unit weight)

function used for fitting: f(x)
fitted parameters initialized with current variable values



 Iteration 0
 WSSR        : 0.862655          delta(WSSR)/WSSR   : 0
 delta(WSSR) : 0                 limit for stopping : 1e-05
 lambda	  : 1

initial set of free parameter values

mean_y          = 1

After 3 iterations the fit converged.
final sum of squares of residuals : 0.105572
rel. change during last iteration : -7.02917e-12

degrees of freedom    (FIT_NDF)                        : 99
rms of residuals      (FIT_STDFIT) = sqrt(WSSR/ndf)    : 0.0326556
variance of residuals (reduced chisquare) = WSSR/ndf   : 0.00106639

Final set of parameters            Asymptotic Standard Error
=======================            ==========================

mean_y          = 0.91299          +/- 0.003266     (0.3577%)


correlation matrix of the fit parameters:

               mean_y 
mean_y          1.000 


*******************************************************************************
Fri Sep 16 12:33:02 2016


FIT:    data read from 'anisotropy2.txt' u 1:3
        format = x:z
        #datapoints = 100
        residuals are weighted equally (unit weight)

function used for fitting: f(x)
fitted parameters initialized with current variable values



 Iteration 0
 WSSR        : 2318.01           delta(WSSR)/WSSR   : 0
 delta(WSSR) : 0                 limit for stopping : 1e-05
 lambda	  : 1

initial set of free parameter values

mean_y          = 1

After 3 iterations the fit converged.
final sum of squares of residuals : 544.884
rel. change during last iteration : -3.18891e-12

degrees of freedom    (FIT_NDF)                        : 99
rms of residuals      (FIT_STDFIT) = sqrt(WSSR/ndf)    : 2.34604
variance of residuals (reduced chisquare) = WSSR/ndf   : 5.50388

Final set of parameters            Asymptotic Standard Error
=======================            ==========================

mean_y          = 5.21086          +/- 0.2346       (4.502%)


correlation matrix of the fit parameters:

               mean_y 
mean_y          1.000 


*******************************************************************************
Fri Sep 16 12:33:06 2016


FIT:    data read from 'anisotropy2.txt' u 1:2
        format = x:z
        #datapoints = 100
        residuals are weighted equally (unit weight)

function used for fitting: f(x)
fitted parameters initialized with current variable values



 Iteration 0
 WSSR        : 4.74716e+06       delta(WSSR)/WSSR   : 0
 delta(WSSR) : 0                 limit for stopping : 1e-05
 lambda	  : 1

initial set of free parameter values

mean_y          = 1

After 3 iterations the fit converged.
final sum of squares of residuals : 21300.8
rel. change during last iteration : -2.17448e-10

degrees of freedom    (FIT_NDF)                        : 99
rms of residuals      (FIT_STDFIT) = sqrt(WSSR/ndf)    : 14.6683
variance of residuals (reduced chisquare) = WSSR/ndf   : 215.159

Final set of parameters            Asymptotic Standard Error
=======================            ==========================

mean_y          = 218.39           +/- 1.467        (0.6717%)


correlation matrix of the fit parameters:

               mean_y 
mean_y          1.000 


*******************************************************************************
Fri Sep 16 14:34:01 2016


FIT:    data read from 'anisotropy2.txt' u 1:2
        format = x:z
        #datapoints = 1001
        residuals are weighted equally (unit weight)

function used for fitting: f(x)
fitted parameters initialized with current variable values



 Iteration 0
 WSSR        : 1.09199e+11       delta(WSSR)/WSSR   : 0
 delta(WSSR) : 0                 limit for stopping : 1e-05
 lambda	  : 1

initial set of free parameter values

mean_y          = 1

After 2 iterations the fit converged.
final sum of squares of residuals : 2.98027e+10
rel. change during last iteration : -2.65344e-06

degrees of freedom    (FIT_NDF)                        : 1000
rms of residuals      (FIT_STDFIT) = sqrt(WSSR/ndf)    : 5459.18
variance of residuals (reduced chisquare) = WSSR/ndf   : 2.98027e+07

Final set of parameters            Asymptotic Standard Error
=======================            ==========================

mean_y          = 8907.01          +/- 172.5        (1.937%)


correlation matrix of the fit parameters:

               mean_y 
mean_y          1.000 


*******************************************************************************
Fri Sep 16 14:34:05 2016


FIT:    data read from 'anisotropy2.txt' u 1:3
        format = x:z
        #datapoints = 1001
        residuals are weighted equally (unit weight)

function used for fitting: f(x)
fitted parameters initialized with current variable values



 Iteration 0
 WSSR        : 207792            delta(WSSR)/WSSR   : 0
 delta(WSSR) : 0                 limit for stopping : 1e-05
 lambda	  : 1

initial set of free parameter values

mean_y          = 1

After 2 iterations the fit converged.
final sum of squares of residuals : 44894.2
rel. change during last iteration : -3.61402e-06

degrees of freedom    (FIT_NDF)                        : 1000
rms of residuals      (FIT_STDFIT) = sqrt(WSSR/ndf)    : 6.70031
variance of residuals (reduced chisquare) = WSSR/ndf   : 44.8942

Final set of parameters            Asymptotic Standard Error
=======================            ==========================

mean_y          = 13.7568          +/- 0.2118       (1.539%)


correlation matrix of the fit parameters:

               mean_y 
mean_y          1.000 


*******************************************************************************
Fri Sep 16 14:34:06 2016


FIT:    data read from 'anisotropy2.txt' u 1:3
        format = x:z
        #datapoints = 1001
        residuals are weighted equally (unit weight)

function used for fitting: f(x)
fitted parameters initialized with current variable values



 Iteration 0
 WSSR        : 207792            delta(WSSR)/WSSR   : 0
 delta(WSSR) : 0                 limit for stopping : 1e-05
 lambda	  : 1

initial set of free parameter values

mean_y          = 1

After 2 iterations the fit converged.
final sum of squares of residuals : 44894.2
rel. change during last iteration : -3.61402e-06

degrees of freedom    (FIT_NDF)                        : 1000
rms of residuals      (FIT_STDFIT) = sqrt(WSSR/ndf)    : 6.70031
variance of residuals (reduced chisquare) = WSSR/ndf   : 44.8942

Final set of parameters            Asymptotic Standard Error
=======================            ==========================

mean_y          = 13.7568          +/- 0.2118       (1.539%)


correlation matrix of the fit parameters:

               mean_y 
mean_y          1.000 


*******************************************************************************
Fri Sep 16 14:34:08 2016


FIT:    data read from 'anisotropy2.txt' u 1:4
        format = x:z
        #datapoints = 1001
        residuals are weighted equally (unit weight)

function used for fitting: f(x)
fitted parameters initialized with current variable values



 Iteration 0
 WSSR        : 1254.75           delta(WSSR)/WSSR   : 0
 delta(WSSR) : 0                 limit for stopping : 1e-05
 lambda	  : 1

initial set of free parameter values

mean_y          = 1

After 2 iterations the fit converged.
final sum of squares of residuals : 876.265
rel. change during last iteration : -4.30212e-07

degrees of freedom    (FIT_NDF)                        : 1000
rms of residuals      (FIT_STDFIT) = sqrt(WSSR/ndf)    : 0.93609
variance of residuals (reduced chisquare) = WSSR/ndf   : 0.876265

Final set of parameters            Asymptotic Standard Error
=======================            ==========================

mean_y          = 1.61491          +/- 0.02959      (1.832%)


correlation matrix of the fit parameters:

               mean_y 
mean_y          1.000 


*******************************************************************************
Fri Sep 16 14:34:10 2016


FIT:    data read from 'anisotropy2.txt' u 1:5
        format = x:z
        #datapoints = 1001
        residuals are weighted equally (unit weight)

function used for fitting: f(x)
fitted parameters initialized with current variable values



 Iteration 0
 WSSR        : 0.894284          delta(WSSR)/WSSR   : 0
 delta(WSSR) : 0                 limit for stopping : 1e-05
 lambda	  : 1

initial set of free parameter values

mean_y          = 1

After 2 iterations the fit converged.
final sum of squares of residuals : 0.664941
rel. change during last iteration : -3.43532e-07

degrees of freedom    (FIT_NDF)                        : 1000
rms of residuals      (FIT_STDFIT) = sqrt(WSSR/ndf)    : 0.0257865
variance of residuals (reduced chisquare) = WSSR/ndf   : 0.000664941

Final set of parameters            Asymptotic Standard Error
=======================            ==========================

mean_y          = 0.984863         +/- 0.000815     (0.08276%)


correlation matrix of the fit parameters:

               mean_y 
mean_y          1.000 


*******************************************************************************
Fri Sep 16 14:37:57 2016


FIT:    data read from 'anisotropy2.txt' u 1:2
        format = x:z
        #datapoints = 1001
        residuals are weighted equally (unit weight)

function used for fitting: f(x)
fitted parameters initialized with current variable values



 Iteration 0
 WSSR        : 1.09199e+11       delta(WSSR)/WSSR   : 0
 delta(WSSR) : 0                 limit for stopping : 1e-05
 lambda	  : 1

initial set of free parameter values

mean_y          = 1

After 2 iterations the fit converged.
final sum of squares of residuals : 2.98027e+10
rel. change during last iteration : -2.65344e-06

degrees of freedom    (FIT_NDF)                        : 1000
rms of residuals      (FIT_STDFIT) = sqrt(WSSR/ndf)    : 5459.18
variance of residuals (reduced chisquare) = WSSR/ndf   : 2.98027e+07

Final set of parameters            Asymptotic Standard Error
=======================            ==========================

mean_y          = 8907.01          +/- 172.5        (1.937%)


correlation matrix of the fit parameters:

               mean_y 
mean_y          1.000 


*******************************************************************************
Fri Sep 16 14:38:00 2016


FIT:    data read from 'anisotropy2.txt' u 1:5
        format = x:z
        #datapoints = 1001
        residuals are weighted equally (unit weight)

function used for fitting: f(x)
fitted parameters initialized with current variable values



 Iteration 0
 WSSR        : 0.894284          delta(WSSR)/WSSR   : 0
 delta(WSSR) : 0                 limit for stopping : 1e-05
 lambda	  : 1

initial set of free parameter values

mean_y          = 1

After 2 iterations the fit converged.
final sum of squares of residuals : 0.664941
rel. change during last iteration : -3.43532e-07

degrees of freedom    (FIT_NDF)                        : 1000
rms of residuals      (FIT_STDFIT) = sqrt(WSSR/ndf)    : 0.0257865
variance of residuals (reduced chisquare) = WSSR/ndf   : 0.000664941

Final set of parameters            Asymptotic Standard Error
=======================            ==========================

mean_y          = 0.984863         +/- 0.000815     (0.08276%)


correlation matrix of the fit parameters:

               mean_y 
mean_y          1.000 


*******************************************************************************
Fri Sep 16 14:47:27 2016


FIT:    data read from 'anisotropy2.txt' u 1:5
        format = x:z
        #datapoints = 30
        residuals are weighted equally (unit weight)

function used for fitting: f(x)
fitted parameters initialized with current variable values



 Iteration 0
 WSSR        : 1.03265           delta(WSSR)/WSSR   : 0
 delta(WSSR) : 0                 limit for stopping : 1e-05
 lambda	  : 1

initial set of free parameter values

mean_y          = 1

After 3 iterations the fit converged.
final sum of squares of residuals : 0.234582
rel. change during last iteration : -3.9309e-10

degrees of freedom    (FIT_NDF)                        : 29
rms of residuals      (FIT_STDFIT) = sqrt(WSSR/ndf)    : 0.089939
variance of residuals (reduced chisquare) = WSSR/ndf   : 0.00808902

Final set of parameters            Asymptotic Standard Error
=======================            ==========================

mean_y          = 0.836898         +/- 0.01642      (1.962%)


correlation matrix of the fit parameters:

               mean_y 
mean_y          1.000 
