

*******************************************************************************
Tue Sep 20 12:09:57 2016


FIT:    data read from 'results.txt' u 1:2
        format = x:z
        #datapoints = 654
        residuals are weighted equally (unit weight)

function used for fitting: f(x)
fitted parameters initialized with current variable values



 Iteration 0
 WSSR        : 6520.32           delta(WSSR)/WSSR   : 0
 delta(WSSR) : 0                 limit for stopping : 1e-05
 lambda	  : 1

initial set of free parameter values

mean_y          = 1

After 3 iterations the fit converged.
final sum of squares of residuals : 240.874
rel. change during last iteration : -1.49853e-14

degrees of freedom    (FIT_NDF)                        : 653
rms of residuals      (FIT_STDFIT) = sqrt(WSSR/ndf)    : 0.607349
variance of residuals (reduced chisquare) = WSSR/ndf   : 0.368872

Final set of parameters            Asymptotic Standard Error
=======================            ==========================

mean_y          = 4.09864          +/- 0.02375      (0.5794%)


correlation matrix of the fit parameters:

               mean_y 
mean_y          1.000 


*******************************************************************************
Tue Sep 20 12:09:57 2016


FIT:    data read from 'results.txt' u 1:2
        format = x:z
        #datapoints = 654
        residuals are weighted equally (unit weight)

function used for fitting: f(x)
fitted parameters initialized with current variable values



 Iteration 0
 WSSR        : 6520.32           delta(WSSR)/WSSR   : 0
 delta(WSSR) : 0                 limit for stopping : 1e-05
 lambda	  : 1

initial set of free parameter values

mean_y          = 1

After 3 iterations the fit converged.
final sum of squares of residuals : 240.874
rel. change during last iteration : -1.49853e-14

degrees of freedom    (FIT_NDF)                        : 653
rms of residuals      (FIT_STDFIT) = sqrt(WSSR/ndf)    : 0.607349
variance of residuals (reduced chisquare) = WSSR/ndf   : 0.368872

Final set of parameters            Asymptotic Standard Error
=======================            ==========================

mean_y          = 4.09864          +/- 0.02375      (0.5794%)


correlation matrix of the fit parameters:

               mean_y 
mean_y          1.000 


*******************************************************************************
Tue Sep 20 12:10:37 2016


FIT:    data read from 'results.txt' u 1:2
        format = x:z
        #datapoints = 654
        residuals are weighted equally (unit weight)

function used for fitting: f(x)
fitted parameters initialized with current variable values



 Iteration 0
 WSSR        : 6520.32           delta(WSSR)/WSSR   : 0
 delta(WSSR) : 0                 limit for stopping : 1e-05
 lambda	  : 1

initial set of free parameter values

mean_y          = 1

After 3 iterations the fit converged.
final sum of squares of residuals : 240.874
rel. change during last iteration : -1.49853e-14

degrees of freedom    (FIT_NDF)                        : 653
rms of residuals      (FIT_STDFIT) = sqrt(WSSR/ndf)    : 0.607349
variance of residuals (reduced chisquare) = WSSR/ndf   : 0.368872

Final set of parameters            Asymptotic Standard Error
=======================            ==========================

mean_y          = 4.09864          +/- 0.02375      (0.5794%)


correlation matrix of the fit parameters:

               mean_y 
mean_y          1.000 


*******************************************************************************
Tue Sep 20 12:10:37 2016


FIT:    data read from 'results.txt' u 1:3
        format = x:z
        #datapoints = 654
        residuals are weighted equally (unit weight)

function used for fitting: f(x)
fitted parameters initialized with current variable values



 Iteration 0
 WSSR        : 69516.2           delta(WSSR)/WSSR   : 0
 delta(WSSR) : 0                 limit for stopping : 1e-05
 lambda	  : 1

initial set of free parameter values

mean_y          = 1

After 3 iterations the fit converged.
final sum of squares of residuals : 4472.03
rel. change during last iteration : -8.94845e-15

degrees of freedom    (FIT_NDF)                        : 653
rms of residuals      (FIT_STDFIT) = sqrt(WSSR/ndf)    : 2.61695
variance of residuals (reduced chisquare) = WSSR/ndf   : 6.84844

Final set of parameters            Asymptotic Standard Error
=======================            ==========================

mean_y          = 10.9728          +/- 0.1023       (0.9326%)


correlation matrix of the fit parameters:

               mean_y 
mean_y          1.000 


*******************************************************************************
Tue Sep 20 12:10:38 2016


FIT:    data read from 'results.txt' u 1:2
        format = x:z
        #datapoints = 654
        residuals are weighted equally (unit weight)

function used for fitting: f(x)
fitted parameters initialized with current variable values



 Iteration 0
 WSSR        : 6520.32           delta(WSSR)/WSSR   : 0
 delta(WSSR) : 0                 limit for stopping : 1e-05
 lambda	  : 1

initial set of free parameter values

mean_y          = 1

After 3 iterations the fit converged.
final sum of squares of residuals : 240.874
rel. change during last iteration : -1.49853e-14

degrees of freedom    (FIT_NDF)                        : 653
rms of residuals      (FIT_STDFIT) = sqrt(WSSR/ndf)    : 0.607349
variance of residuals (reduced chisquare) = WSSR/ndf   : 0.368872

Final set of parameters            Asymptotic Standard Error
=======================            ==========================

mean_y          = 4.09864          +/- 0.02375      (0.5794%)


correlation matrix of the fit parameters:

               mean_y 
mean_y          1.000 


*******************************************************************************
Tue Sep 20 12:10:38 2016


FIT:    data read from 'results.txt' u 1:3
        format = x:z
        #datapoints = 654
        residuals are weighted equally (unit weight)

function used for fitting: f(x)
fitted parameters initialized with current variable values



 Iteration 0
 WSSR        : 69516.2           delta(WSSR)/WSSR   : 0
 delta(WSSR) : 0                 limit for stopping : 1e-05
 lambda	  : 1

initial set of free parameter values

mean_y          = 1

After 3 iterations the fit converged.
final sum of squares of residuals : 4472.03
rel. change during last iteration : -8.94845e-15

degrees of freedom    (FIT_NDF)                        : 653
rms of residuals      (FIT_STDFIT) = sqrt(WSSR/ndf)    : 2.61695
variance of residuals (reduced chisquare) = WSSR/ndf   : 6.84844

Final set of parameters            Asymptotic Standard Error
=======================            ==========================

mean_y          = 10.9728          +/- 0.1023       (0.9326%)


correlation matrix of the fit parameters:

               mean_y 
mean_y          1.000 
