

*******************************************************************************
Thu Sep 22 12:52:39 2016


FIT:    data read from 'results.txt' u 1:2
        format = x:z
BREAK:          No data to fit 



*******************************************************************************
Thu Sep 22 12:52:39 2016


FIT:    data read from 'results.txt' u 1:3
        format = x:z
BREAK:          No data to fit 



*******************************************************************************
Thu Sep 22 12:52:39 2016


FIT:    data read from 'results.txt' u 1:2
        format = x:z
BREAK:          No data to fit 



*******************************************************************************
Thu Sep 22 12:52:39 2016


FIT:    data read from 'results.txt' u 1:3
        format = x:z
BREAK:          No data to fit 



*******************************************************************************
Thu Sep 22 12:53:01 2016


FIT:    data read from 'results.txt' u 1:2
        format = x:z
BREAK:          No data to fit 



*******************************************************************************
Thu Sep 22 12:53:01 2016


FIT:    data read from 'results.txt' u 1:3
        format = x:z
BREAK:          No data to fit 



*******************************************************************************
Thu Sep 22 12:53:01 2016


FIT:    data read from 'results.txt' u 1:2
        format = x:z
BREAK:          No data to fit 



*******************************************************************************
Thu Sep 22 12:53:01 2016


FIT:    data read from 'results.txt' u 1:3
        format = x:z
BREAK:          No data to fit 



*******************************************************************************
Thu Sep 22 12:53:08 2016


FIT:    data read from 'results.txt' u 1:2
        format = x:z
BREAK:          No data to fit 



*******************************************************************************
Thu Sep 22 12:53:08 2016


FIT:    data read from 'results.txt' u 1:3
        format = x:z
BREAK:          No data to fit 



*******************************************************************************
Thu Sep 22 12:53:08 2016


FIT:    data read from 'results.txt' u 1:4
        format = x:z
BREAK:          No data to fit 



*******************************************************************************
Thu Sep 22 12:53:08 2016


FIT:    data read from 'results.txt' u 1:2
        format = x:z
BREAK:          No data to fit 



*******************************************************************************
Thu Sep 22 12:53:08 2016


FIT:    data read from 'results.txt' u 1:3
        format = x:z
BREAK:          No data to fit 



*******************************************************************************
Thu Sep 22 12:53:08 2016


FIT:    data read from 'results.txt' u 1:4
        format = x:z
BREAK:          No data to fit 



*******************************************************************************
Thu Sep 22 12:53:49 2016


FIT:    data read from 'results.txt' u 1:2
        format = x:z
BREAK:          No data to fit 



*******************************************************************************
Thu Sep 22 12:53:49 2016


FIT:    data read from 'results.txt' u 1:3
        format = x:z
BREAK:          No data to fit 



*******************************************************************************
Thu Sep 22 12:53:49 2016


FIT:    data read from 'results.txt' u 1:4
        format = x:z
BREAK:          No data to fit 



*******************************************************************************
Thu Sep 22 12:53:49 2016


FIT:    data read from 'results.txt' u 1:5
        format = x:z
BREAK:          No data to fit 



*******************************************************************************
Thu Sep 22 12:53:49 2016


FIT:    data read from 'anisotropy2.txt' u 1:2
        format = x:z
BREAK:          No data to fit 



*******************************************************************************
Thu Sep 22 12:53:49 2016


FIT:    data read from 'anisotropy2.txt' u 1:3
        format = x:z
BREAK:          No data to fit 



*******************************************************************************
Thu Sep 22 12:53:49 2016


FIT:    data read from 'anisotropy2.txt' u 1:4
        format = x:z
BREAK:          No data to fit 



*******************************************************************************
Thu Sep 22 12:53:49 2016


FIT:    data read from 'anisotropy2.txt' u 1:5
        format = x:z
BREAK:          No data to fit 



*******************************************************************************
Thu Sep 22 12:53:49 2016


FIT:    data read from 'results.txt' u 1:6
        format = x:z
BREAK:          No data to fit 



*******************************************************************************
Thu Sep 22 12:53:49 2016


FIT:    data read from 'results.txt' u 1:2
        format = x:z
BREAK:          No data to fit 



*******************************************************************************
Thu Sep 22 12:53:49 2016


FIT:    data read from 'results.txt' u 1:3
        format = x:z
BREAK:          No data to fit 



*******************************************************************************
Thu Sep 22 12:53:49 2016


FIT:    data read from 'results.txt' u 1:4
        format = x:z
BREAK:          No data to fit 



*******************************************************************************
Thu Sep 22 12:53:49 2016


FIT:    data read from 'results.txt' u 1:5
        format = x:z
BREAK:          No data to fit 



*******************************************************************************
Thu Sep 22 12:53:49 2016


FIT:    data read from 'anisotropy2.txt' u 1:2
        format = x:z
BREAK:          No data to fit 



*******************************************************************************
Thu Sep 22 12:53:49 2016


FIT:    data read from 'anisotropy2.txt' u 1:3
        format = x:z
BREAK:          No data to fit 



*******************************************************************************
Thu Sep 22 12:53:49 2016


FIT:    data read from 'anisotropy2.txt' u 1:4
        format = x:z
BREAK:          No data to fit 



*******************************************************************************
Thu Sep 22 12:53:49 2016


FIT:    data read from 'anisotropy2.txt' u 1:5
        format = x:z
BREAK:          No data to fit 



*******************************************************************************
Thu Sep 22 12:53:49 2016


FIT:    data read from 'results.txt' u 1:6
        format = x:z
BREAK:          No data to fit 



*******************************************************************************
Thu Sep 22 12:55:12 2016


FIT:    data read from 'results.txt' u 1:2
        format = x:z
BREAK:          No data to fit 



*******************************************************************************
Thu Sep 22 12:55:12 2016


FIT:    data read from 'results.txt' u 1:3
        format = x:z
BREAK:          No data to fit 



*******************************************************************************
Thu Sep 22 12:55:12 2016


FIT:    data read from 'results.txt' u 1:4
        format = x:z
BREAK:          No data to fit 



*******************************************************************************
Thu Sep 22 12:55:12 2016


FIT:    data read from 'results.txt' u 1:5
        format = x:z
BREAK:          No data to fit 



*******************************************************************************
Thu Sep 22 12:55:12 2016


FIT:    data read from 'anisotropy2.txt' u 1:2
        format = x:z
BREAK:          No data to fit 



*******************************************************************************
Thu Sep 22 12:55:12 2016


FIT:    data read from 'anisotropy2.txt' u 1:3
        format = x:z
BREAK:          No data to fit 



*******************************************************************************
Thu Sep 22 12:55:12 2016


FIT:    data read from 'anisotropy2.txt' u 1:4
        format = x:z
BREAK:          No data to fit 



*******************************************************************************
Thu Sep 22 12:55:12 2016


FIT:    data read from 'anisotropy2.txt' u 1:5
        format = x:z
BREAK:          No data to fit 



*******************************************************************************
Thu Sep 22 12:55:12 2016


FIT:    data read from 'results.txt' u 1:6
        format = x:z
BREAK:          No data to fit 



*******************************************************************************
Thu Sep 22 12:55:12 2016


FIT:    data read from 'results.txt' u 1:2
        format = x:z
BREAK:          No data to fit 



*******************************************************************************
Thu Sep 22 12:55:12 2016


FIT:    data read from 'results.txt' u 1:3
        format = x:z
BREAK:          No data to fit 



*******************************************************************************
Thu Sep 22 12:55:12 2016


FIT:    data read from 'results.txt' u 1:4
        format = x:z
BREAK:          No data to fit 



*******************************************************************************
Thu Sep 22 12:55:12 2016


FIT:    data read from 'results.txt' u 1:5
        format = x:z
BREAK:          No data to fit 



*******************************************************************************
Thu Sep 22 12:55:12 2016


FIT:    data read from 'anisotropy2.txt' u 1:2
        format = x:z
BREAK:          No data to fit 



*******************************************************************************
Thu Sep 22 12:55:12 2016


FIT:    data read from 'anisotropy2.txt' u 1:3
        format = x:z
BREAK:          No data to fit 



*******************************************************************************
Thu Sep 22 12:55:12 2016


FIT:    data read from 'anisotropy2.txt' u 1:4
        format = x:z
BREAK:          No data to fit 



*******************************************************************************
Thu Sep 22 12:55:12 2016


FIT:    data read from 'anisotropy2.txt' u 1:5
        format = x:z
BREAK:          No data to fit 



*******************************************************************************
Thu Sep 22 12:55:12 2016


FIT:    data read from 'results.txt' u 1:6
        format = x:z
BREAK:          No data to fit 



*******************************************************************************
Thu Sep 22 12:55:48 2016


FIT:    data read from 'results.txt' u 1:2
        format = x:z
BREAK:          No data to fit 



*******************************************************************************
Thu Sep 22 12:55:48 2016


FIT:    data read from 'results.txt' u 1:3
        format = x:z
BREAK:          No data to fit 



*******************************************************************************
Thu Sep 22 12:55:48 2016


FIT:    data read from 'results.txt' u 1:4
        format = x:z
BREAK:          No data to fit 



*******************************************************************************
Thu Sep 22 12:55:48 2016


FIT:    data read from 'results.txt' u 1:5
        format = x:z
BREAK:          No data to fit 



*******************************************************************************
Thu Sep 22 12:55:48 2016


FIT:    data read from 'anisotropy2.txt' u 1:2
        format = x:z
BREAK:          No data to fit 



*******************************************************************************
Thu Sep 22 12:55:48 2016


FIT:    data read from 'anisotropy2.txt' u 1:3
        format = x:z
BREAK:          No data to fit 



*******************************************************************************
Thu Sep 22 12:55:48 2016


FIT:    data read from 'anisotropy2.txt' u 1:4
        format = x:z
BREAK:          No data to fit 



*******************************************************************************
Thu Sep 22 12:55:48 2016


FIT:    data read from 'anisotropy2.txt' u 1:5
        format = x:z
BREAK:          No data to fit 



*******************************************************************************
Thu Sep 22 12:55:48 2016


FIT:    data read from 'results.txt' u 1:6
        format = x:z
BREAK:          No data to fit 



*******************************************************************************
Thu Sep 22 12:55:48 2016


FIT:    data read from 'results.txt' u 1:2
        format = x:z
BREAK:          No data to fit 



*******************************************************************************
Thu Sep 22 12:55:48 2016


FIT:    data read from 'results.txt' u 1:3
        format = x:z
BREAK:          No data to fit 



*******************************************************************************
Thu Sep 22 12:55:48 2016


FIT:    data read from 'results.txt' u 1:4
        format = x:z
BREAK:          No data to fit 



*******************************************************************************
Thu Sep 22 12:55:48 2016


FIT:    data read from 'results.txt' u 1:5
        format = x:z
BREAK:          No data to fit 



*******************************************************************************
Thu Sep 22 12:55:48 2016


FIT:    data read from 'anisotropy2.txt' u 1:2
        format = x:z
BREAK:          No data to fit 



*******************************************************************************
Thu Sep 22 12:55:48 2016


FIT:    data read from 'anisotropy2.txt' u 1:3
        format = x:z
BREAK:          No data to fit 



*******************************************************************************
Thu Sep 22 12:55:48 2016


FIT:    data read from 'anisotropy2.txt' u 1:4
        format = x:z
BREAK:          No data to fit 



*******************************************************************************
Thu Sep 22 12:55:48 2016


FIT:    data read from 'anisotropy2.txt' u 1:5
        format = x:z
BREAK:          No data to fit 



*******************************************************************************
Thu Sep 22 12:55:48 2016


FIT:    data read from 'results.txt' u 1:6
        format = x:z
BREAK:          No data to fit 



*******************************************************************************
Thu Sep 22 13:32:59 2016


FIT:    data read from 'results.txt' u 1:2
        format = x:z
BREAK:          No data to fit 



*******************************************************************************
Thu Sep 22 13:32:59 2016


FIT:    data read from 'results.txt' u 1:3
        format = x:z
BREAK:          No data to fit 



*******************************************************************************
Thu Sep 22 13:32:59 2016


FIT:    data read from 'results.txt' u 1:2
        format = x:z
BREAK:          No data to fit 



*******************************************************************************
Thu Sep 22 13:32:59 2016


FIT:    data read from 'results.txt' u 1:3
        format = x:z
BREAK:          No data to fit 



*******************************************************************************
Thu Sep 22 13:33:30 2016


FIT:    data read from 'results.txt' u 1:2
        format = x:z
BREAK:          No data to fit 



*******************************************************************************
Thu Sep 22 13:33:30 2016


FIT:    data read from 'results.txt' u 1:3
        format = x:z
BREAK:          No data to fit 



*******************************************************************************
Thu Sep 22 13:33:30 2016


FIT:    data read from 'results.txt' u 1:4
        format = x:z
BREAK:          No data to fit 



*******************************************************************************
Thu Sep 22 13:33:30 2016


FIT:    data read from 'results.txt' u 1:2
        format = x:z
BREAK:          No data to fit 



*******************************************************************************
Thu Sep 22 13:33:30 2016


FIT:    data read from 'results.txt' u 1:3
        format = x:z
BREAK:          No data to fit 



*******************************************************************************
Thu Sep 22 13:33:30 2016


FIT:    data read from 'results.txt' u 1:4
        format = x:z
BREAK:          No data to fit 



*******************************************************************************
Thu Sep 22 13:33:41 2016


FIT:    data read from 'results.txt' u 1:2
        format = x:z
BREAK:          No data to fit 



*******************************************************************************
Thu Sep 22 13:33:41 2016


FIT:    data read from 'results.txt' u 1:3
        format = x:z
BREAK:          No data to fit 



*******************************************************************************
Thu Sep 22 13:33:41 2016


FIT:    data read from 'results.txt' u 1:4
        format = x:z
BREAK:          No data to fit 



*******************************************************************************
Thu Sep 22 13:33:41 2016


FIT:    data read from 'results.txt' u 1:5
        format = x:z
BREAK:          No data to fit 



*******************************************************************************
Thu Sep 22 13:33:41 2016


FIT:    data read from 'anisotropy2.txt' u 1:2
        format = x:z
BREAK:          No data to fit 



*******************************************************************************
Thu Sep 22 13:33:41 2016


FIT:    data read from 'anisotropy2.txt' u 1:3
        format = x:z
BREAK:          No data to fit 



*******************************************************************************
Thu Sep 22 13:33:41 2016


FIT:    data read from 'anisotropy2.txt' u 1:4
        format = x:z
BREAK:          No data to fit 



*******************************************************************************
Thu Sep 22 13:33:41 2016


FIT:    data read from 'anisotropy2.txt' u 1:5
        format = x:z
BREAK:          No data to fit 



*******************************************************************************
Thu Sep 22 13:33:41 2016


FIT:    data read from 'results.txt' u 1:6
        format = x:z
BREAK:          No data to fit 



*******************************************************************************
Thu Sep 22 13:33:41 2016


FIT:    data read from 'results.txt' u 1:2
        format = x:z
BREAK:          No data to fit 



*******************************************************************************
Thu Sep 22 13:33:41 2016


FIT:    data read from 'results.txt' u 1:3
        format = x:z
BREAK:          No data to fit 



*******************************************************************************
Thu Sep 22 13:33:41 2016


FIT:    data read from 'results.txt' u 1:4
        format = x:z
BREAK:          No data to fit 



*******************************************************************************
Thu Sep 22 13:33:41 2016


FIT:    data read from 'results.txt' u 1:5
        format = x:z
BREAK:          No data to fit 



*******************************************************************************
Thu Sep 22 13:33:41 2016


FIT:    data read from 'anisotropy2.txt' u 1:2
        format = x:z
BREAK:          No data to fit 



*******************************************************************************
Thu Sep 22 13:33:41 2016


FIT:    data read from 'anisotropy2.txt' u 1:3
        format = x:z
BREAK:          No data to fit 



*******************************************************************************
Thu Sep 22 13:33:41 2016


FIT:    data read from 'anisotropy2.txt' u 1:4
        format = x:z
BREAK:          No data to fit 



*******************************************************************************
Thu Sep 22 13:33:41 2016


FIT:    data read from 'anisotropy2.txt' u 1:5
        format = x:z
BREAK:          No data to fit 



*******************************************************************************
Thu Sep 22 13:33:41 2016


FIT:    data read from 'results.txt' u 1:6
        format = x:z
BREAK:          No data to fit 



*******************************************************************************
Thu Sep 22 13:37:48 2016


FIT:    data read from 'results.txt' u 1:2
        format = x:z
BREAK:          No data to fit 



*******************************************************************************
Thu Sep 22 13:37:48 2016


FIT:    data read from 'results.txt' u 1:3
        format = x:z
BREAK:          No data to fit 



*******************************************************************************
Thu Sep 22 13:37:48 2016


FIT:    data read from 'results.txt' u 1:4
        format = x:z
BREAK:          No data to fit 



*******************************************************************************
Thu Sep 22 13:37:48 2016


FIT:    data read from 'results.txt' u 1:2
        format = x:z
BREAK:          No data to fit 



*******************************************************************************
Thu Sep 22 13:37:48 2016


FIT:    data read from 'results.txt' u 1:3
        format = x:z
BREAK:          No data to fit 



*******************************************************************************
Thu Sep 22 13:37:48 2016


FIT:    data read from 'results.txt' u 1:4
        format = x:z
BREAK:          No data to fit 



*******************************************************************************
Thu Sep 22 13:45:14 2016


FIT:    data read from 'results.txt' u 1:2
        format = x:z
BREAK:          No data to fit 



*******************************************************************************
Thu Sep 22 13:45:14 2016


FIT:    data read from 'results.txt' u 1:2
        format = x:z
BREAK:          No data to fit 



*******************************************************************************
Thu Sep 22 13:45:18 2016


FIT:    data read from 'results.txt' u 1:2
        format = x:z
BREAK:          No data to fit 



*******************************************************************************
Thu Sep 22 13:45:18 2016


FIT:    data read from 'results.txt' u 1:3
        format = x:z
BREAK:          No data to fit 



*******************************************************************************
Thu Sep 22 13:45:18 2016


FIT:    data read from 'results.txt' u 1:2
        format = x:z
BREAK:          No data to fit 



*******************************************************************************
Thu Sep 22 13:45:18 2016


FIT:    data read from 'results.txt' u 1:3
        format = x:z
BREAK:          No data to fit 



*******************************************************************************
Thu Sep 22 13:58:40 2016


FIT:    data read from 'results.txt' u 1:2
        format = x:z
BREAK:          No data to fit 



*******************************************************************************
Thu Sep 22 13:58:40 2016


FIT:    data read from 'results.txt' u 1:3
        format = x:z
BREAK:          No data to fit 



*******************************************************************************
Thu Sep 22 13:58:40 2016


FIT:    data read from 'results.txt' u 1:2
        format = x:z
BREAK:          No data to fit 



*******************************************************************************
Thu Sep 22 13:58:40 2016


FIT:    data read from 'results.txt' u 1:3
        format = x:z
BREAK:          No data to fit 



*******************************************************************************
Thu Sep 22 14:34:43 2016


FIT:    data read from 'results.txt' u 1:2
        format = x:z
        #datapoints = 1000
        residuals are weighted equally (unit weight)

function used for fitting: f(x)
fitted parameters initialized with current variable values



 Iteration 0
 WSSR        : 11597             delta(WSSR)/WSSR   : 0
 delta(WSSR) : 0                 limit for stopping : 1e-05
 lambda	  : 1

initial set of free parameter values

mean_y          = 1

After 3 iterations the fit converged.
final sum of squares of residuals : 369.637
rel. change during last iteration : -2.46051e-15

degrees of freedom    (FIT_NDF)                        : 999
rms of residuals      (FIT_STDFIT) = sqrt(WSSR/ndf)    : 0.608282
variance of residuals (reduced chisquare) = WSSR/ndf   : 0.370007

Final set of parameters            Asymptotic Standard Error
=======================            ==========================

mean_y          = 4.35072          +/- 0.01924      (0.4421%)


correlation matrix of the fit parameters:

               mean_y 
mean_y          1.000 


*******************************************************************************
Thu Sep 22 14:34:43 2016


FIT:    data read from 'results.txt' u 1:3
        format = x:z
        #datapoints = 1000
        residuals are weighted equally (unit weight)

function used for fitting: f(x)
fitted parameters initialized with current variable values



 Iteration 0
 WSSR        : 127242            delta(WSSR)/WSSR   : 0
 delta(WSSR) : 0                 limit for stopping : 1e-05
 lambda	  : 1

initial set of free parameter values

mean_y          = 1

After 3 iterations the fit converged.
final sum of squares of residuals : 7652.07
rel. change during last iteration : -3.92225e-15

degrees of freedom    (FIT_NDF)                        : 999
rms of residuals      (FIT_STDFIT) = sqrt(WSSR/ndf)    : 2.76762
variance of residuals (reduced chisquare) = WSSR/ndf   : 7.65973

Final set of parameters            Asymptotic Standard Error
=======================            ==========================

mean_y          = 11.9357          +/- 0.08752      (0.7333%)


correlation matrix of the fit parameters:

               mean_y 
mean_y          1.000 


*******************************************************************************
Thu Sep 22 14:34:43 2016


FIT:    data read from 'results.txt' u 1:2
        format = x:z
        #datapoints = 1000
        residuals are weighted equally (unit weight)

function used for fitting: f(x)
fitted parameters initialized with current variable values



 Iteration 0
 WSSR        : 11597             delta(WSSR)/WSSR   : 0
 delta(WSSR) : 0                 limit for stopping : 1e-05
 lambda	  : 1

initial set of free parameter values

mean_y          = 1

After 3 iterations the fit converged.
final sum of squares of residuals : 369.637
rel. change during last iteration : -2.46051e-15

degrees of freedom    (FIT_NDF)                        : 999
rms of residuals      (FIT_STDFIT) = sqrt(WSSR/ndf)    : 0.608282
variance of residuals (reduced chisquare) = WSSR/ndf   : 0.370007

Final set of parameters            Asymptotic Standard Error
=======================            ==========================

mean_y          = 4.35072          +/- 0.01924      (0.4421%)


correlation matrix of the fit parameters:

               mean_y 
mean_y          1.000 


*******************************************************************************
Thu Sep 22 14:34:43 2016


FIT:    data read from 'results.txt' u 1:3
        format = x:z
        #datapoints = 1000
        residuals are weighted equally (unit weight)

function used for fitting: f(x)
fitted parameters initialized with current variable values



 Iteration 0
 WSSR        : 127242            delta(WSSR)/WSSR   : 0
 delta(WSSR) : 0                 limit for stopping : 1e-05
 lambda	  : 1

initial set of free parameter values

mean_y          = 1

After 3 iterations the fit converged.
final sum of squares of residuals : 7652.07
rel. change during last iteration : -3.92225e-15

degrees of freedom    (FIT_NDF)                        : 999
rms of residuals      (FIT_STDFIT) = sqrt(WSSR/ndf)    : 2.76762
variance of residuals (reduced chisquare) = WSSR/ndf   : 7.65973

Final set of parameters            Asymptotic Standard Error
=======================            ==========================

mean_y          = 11.9357          +/- 0.08752      (0.7333%)


correlation matrix of the fit parameters:

               mean_y 
mean_y          1.000 


*******************************************************************************
Thu Sep 22 14:34:49 2016


FIT:    data read from 'results.txt' u 1:2
        format = x:z
        #datapoints = 1000
        residuals are weighted equally (unit weight)

function used for fitting: f(x)
fitted parameters initialized with current variable values



 Iteration 0
 WSSR        : 11597             delta(WSSR)/WSSR   : 0
 delta(WSSR) : 0                 limit for stopping : 1e-05
 lambda	  : 1

initial set of free parameter values

mean_y          = 1

After 3 iterations the fit converged.
final sum of squares of residuals : 369.637
rel. change during last iteration : -2.46051e-15

degrees of freedom    (FIT_NDF)                        : 999
rms of residuals      (FIT_STDFIT) = sqrt(WSSR/ndf)    : 0.608282
variance of residuals (reduced chisquare) = WSSR/ndf   : 0.370007

Final set of parameters            Asymptotic Standard Error
=======================            ==========================

mean_y          = 4.35072          +/- 0.01924      (0.4421%)


correlation matrix of the fit parameters:

               mean_y 
mean_y          1.000 


*******************************************************************************
Thu Sep 22 14:34:49 2016


FIT:    data read from 'results.txt' u 1:3
        format = x:z
        #datapoints = 1000
        residuals are weighted equally (unit weight)

function used for fitting: f(x)
fitted parameters initialized with current variable values



 Iteration 0
 WSSR        : 127242            delta(WSSR)/WSSR   : 0
 delta(WSSR) : 0                 limit for stopping : 1e-05
 lambda	  : 1

initial set of free parameter values

mean_y          = 1

After 3 iterations the fit converged.
final sum of squares of residuals : 7652.07
rel. change during last iteration : -3.92225e-15

degrees of freedom    (FIT_NDF)                        : 999
rms of residuals      (FIT_STDFIT) = sqrt(WSSR/ndf)    : 2.76762
variance of residuals (reduced chisquare) = WSSR/ndf   : 7.65973

Final set of parameters            Asymptotic Standard Error
=======================            ==========================

mean_y          = 11.9357          +/- 0.08752      (0.7333%)


correlation matrix of the fit parameters:

               mean_y 
mean_y          1.000 


*******************************************************************************
Thu Sep 22 14:34:49 2016


FIT:    data read from 'results.txt' u 1:4
        format = x:z
        #datapoints = 1000
        residuals are weighted equally (unit weight)

function used for fitting: f(x)
fitted parameters initialized with current variable values



 Iteration 0
 WSSR        : 11476.4           delta(WSSR)/WSSR   : 0
 delta(WSSR) : 0                 limit for stopping : 1e-05
 lambda	  : 1

initial set of free parameter values

mean_y          = 1

After 3 iterations the fit converged.
final sum of squares of residuals : 265.325
rel. change during last iteration : -4.71329e-15

degrees of freedom    (FIT_NDF)                        : 999
rms of residuals      (FIT_STDFIT) = sqrt(WSSR/ndf)    : 0.515355
variance of residuals (reduced chisquare) = WSSR/ndf   : 0.265591

Final set of parameters            Asymptotic Standard Error
=======================            ==========================

mean_y          = 4.34829          +/- 0.0163       (0.3748%)


correlation matrix of the fit parameters:

               mean_y 
mean_y          1.000 


*******************************************************************************
Thu Sep 22 14:34:49 2016


FIT:    data read from 'results.txt' u 1:2
        format = x:z
        #datapoints = 1000
        residuals are weighted equally (unit weight)

function used for fitting: f(x)
fitted parameters initialized with current variable values



 Iteration 0
 WSSR        : 11597             delta(WSSR)/WSSR   : 0
 delta(WSSR) : 0                 limit for stopping : 1e-05
 lambda	  : 1

initial set of free parameter values

mean_y          = 1

After 3 iterations the fit converged.
final sum of squares of residuals : 369.637
rel. change during last iteration : -2.46051e-15

degrees of freedom    (FIT_NDF)                        : 999
rms of residuals      (FIT_STDFIT) = sqrt(WSSR/ndf)    : 0.608282
variance of residuals (reduced chisquare) = WSSR/ndf   : 0.370007

Final set of parameters            Asymptotic Standard Error
=======================            ==========================

mean_y          = 4.35072          +/- 0.01924      (0.4421%)


correlation matrix of the fit parameters:

               mean_y 
mean_y          1.000 


*******************************************************************************
Thu Sep 22 14:34:49 2016


FIT:    data read from 'results.txt' u 1:3
        format = x:z
        #datapoints = 1000
        residuals are weighted equally (unit weight)

function used for fitting: f(x)
fitted parameters initialized with current variable values



 Iteration 0
 WSSR        : 127242            delta(WSSR)/WSSR   : 0
 delta(WSSR) : 0                 limit for stopping : 1e-05
 lambda	  : 1

initial set of free parameter values

mean_y          = 1

After 3 iterations the fit converged.
final sum of squares of residuals : 7652.07
rel. change during last iteration : -3.92225e-15

degrees of freedom    (FIT_NDF)                        : 999
rms of residuals      (FIT_STDFIT) = sqrt(WSSR/ndf)    : 2.76762
variance of residuals (reduced chisquare) = WSSR/ndf   : 7.65973

Final set of parameters            Asymptotic Standard Error
=======================            ==========================

mean_y          = 11.9357          +/- 0.08752      (0.7333%)


correlation matrix of the fit parameters:

               mean_y 
mean_y          1.000 


*******************************************************************************
Thu Sep 22 14:34:49 2016


FIT:    data read from 'results.txt' u 1:4
        format = x:z
        #datapoints = 1000
        residuals are weighted equally (unit weight)

function used for fitting: f(x)
fitted parameters initialized with current variable values



 Iteration 0
 WSSR        : 11476.4           delta(WSSR)/WSSR   : 0
 delta(WSSR) : 0                 limit for stopping : 1e-05
 lambda	  : 1

initial set of free parameter values

mean_y          = 1

After 3 iterations the fit converged.
final sum of squares of residuals : 265.325
rel. change during last iteration : -4.71329e-15

degrees of freedom    (FIT_NDF)                        : 999
rms of residuals      (FIT_STDFIT) = sqrt(WSSR/ndf)    : 0.515355
variance of residuals (reduced chisquare) = WSSR/ndf   : 0.265591

Final set of parameters            Asymptotic Standard Error
=======================            ==========================

mean_y          = 4.34829          +/- 0.0163       (0.3748%)


correlation matrix of the fit parameters:

               mean_y 
mean_y          1.000 


*******************************************************************************
Thu Sep 22 14:34:56 2016


FIT:    data read from 'results.txt' u 1:2
        format = x:z
        #datapoints = 1000
        residuals are weighted equally (unit weight)

function used for fitting: f(x)
fitted parameters initialized with current variable values



 Iteration 0
 WSSR        : 11597             delta(WSSR)/WSSR   : 0
 delta(WSSR) : 0                 limit for stopping : 1e-05
 lambda	  : 1

initial set of free parameter values

mean_y          = 1

After 3 iterations the fit converged.
final sum of squares of residuals : 369.637
rel. change during last iteration : -2.46051e-15

degrees of freedom    (FIT_NDF)                        : 999
rms of residuals      (FIT_STDFIT) = sqrt(WSSR/ndf)    : 0.608282
variance of residuals (reduced chisquare) = WSSR/ndf   : 0.370007

Final set of parameters            Asymptotic Standard Error
=======================            ==========================

mean_y          = 4.35072          +/- 0.01924      (0.4421%)


correlation matrix of the fit parameters:

               mean_y 
mean_y          1.000 


*******************************************************************************
Thu Sep 22 14:34:56 2016


FIT:    data read from 'results.txt' u 1:3
        format = x:z
        #datapoints = 1000
        residuals are weighted equally (unit weight)

function used for fitting: f(x)
fitted parameters initialized with current variable values



 Iteration 0
 WSSR        : 127242            delta(WSSR)/WSSR   : 0
 delta(WSSR) : 0                 limit for stopping : 1e-05
 lambda	  : 1

initial set of free parameter values

mean_y          = 1

After 3 iterations the fit converged.
final sum of squares of residuals : 7652.07
rel. change during last iteration : -3.92225e-15

degrees of freedom    (FIT_NDF)                        : 999
rms of residuals      (FIT_STDFIT) = sqrt(WSSR/ndf)    : 2.76762
variance of residuals (reduced chisquare) = WSSR/ndf   : 7.65973

Final set of parameters            Asymptotic Standard Error
=======================            ==========================

mean_y          = 11.9357          +/- 0.08752      (0.7333%)


correlation matrix of the fit parameters:

               mean_y 
mean_y          1.000 


*******************************************************************************
Thu Sep 22 14:34:56 2016


FIT:    data read from 'results.txt' u 1:4
        format = x:z
        #datapoints = 1000
        residuals are weighted equally (unit weight)

function used for fitting: f(x)
fitted parameters initialized with current variable values



 Iteration 0
 WSSR        : 11476.4           delta(WSSR)/WSSR   : 0
 delta(WSSR) : 0                 limit for stopping : 1e-05
 lambda	  : 1

initial set of free parameter values

mean_y          = 1

After 3 iterations the fit converged.
final sum of squares of residuals : 265.325
rel. change during last iteration : -4.71329e-15

degrees of freedom    (FIT_NDF)                        : 999
rms of residuals      (FIT_STDFIT) = sqrt(WSSR/ndf)    : 0.515355
variance of residuals (reduced chisquare) = WSSR/ndf   : 0.265591

Final set of parameters            Asymptotic Standard Error
=======================            ==========================

mean_y          = 4.34829          +/- 0.0163       (0.3748%)


correlation matrix of the fit parameters:

               mean_y 
mean_y          1.000 


*******************************************************************************
Thu Sep 22 14:34:56 2016


FIT:    data read from 'results.txt' u 1:5
        format = x:z
        #datapoints = 1000
        residuals are weighted equally (unit weight)

function used for fitting: f(x)
fitted parameters initialized with current variable values



 Iteration 0
 WSSR        : 10057.4           delta(WSSR)/WSSR   : 0
 delta(WSSR) : 0                 limit for stopping : 1e-05
 lambda	  : 1

initial set of free parameter values

mean_y          = 1

After 3 iterations the fit converged.
final sum of squares of residuals : 263.676
rel. change during last iteration : -2.37139e-15

degrees of freedom    (FIT_NDF)                        : 999
rms of residuals      (FIT_STDFIT) = sqrt(WSSR/ndf)    : 0.513751
variance of residuals (reduced chisquare) = WSSR/ndf   : 0.26394

Final set of parameters            Asymptotic Standard Error
=======================            ==========================

mean_y          = 4.12949          +/- 0.01625      (0.3934%)


correlation matrix of the fit parameters:

               mean_y 
mean_y          1.000 


*******************************************************************************
Thu Sep 22 14:34:56 2016


FIT:    data read from 'anisotropy2.txt' u 1:2
        format = x:z
        #datapoints = 1001
        residuals are weighted equally (unit weight)

function used for fitting: f(x)
fitted parameters initialized with current variable values



 Iteration 0
 WSSR        : 302498            delta(WSSR)/WSSR   : 0
 delta(WSSR) : 0                 limit for stopping : 1e-05
 lambda	  : 1

initial set of free parameter values

mean_y          = 1

After 2 iterations the fit converged.
final sum of squares of residuals : 34799
rel. change during last iteration : -7.66205e-06

degrees of freedom    (FIT_NDF)                        : 1000
rms of residuals      (FIT_STDFIT) = sqrt(WSSR/ndf)    : 5.89906
variance of residuals (reduced chisquare) = WSSR/ndf   : 34.799

Final set of parameters            Asymptotic Standard Error
=======================            ==========================

mean_y          = 17.3533          +/- 0.1865       (1.074%)


correlation matrix of the fit parameters:

               mean_y 
mean_y          1.000 


*******************************************************************************
Thu Sep 22 14:34:56 2016


FIT:    data read from 'anisotropy2.txt' u 1:3
        format = x:z
        #datapoints = 1001
        residuals are weighted equally (unit weight)

function used for fitting: f(x)
fitted parameters initialized with current variable values



 Iteration 0
 WSSR        : 2819.46           delta(WSSR)/WSSR   : 0
 delta(WSSR) : 0                 limit for stopping : 1e-05
 lambda	  : 1

initial set of free parameter values

mean_y          = 1

After 2 iterations the fit converged.
final sum of squares of residuals : 1157.77
rel. change during last iteration : -1.42953e-06

degrees of freedom    (FIT_NDF)                        : 1000
rms of residuals      (FIT_STDFIT) = sqrt(WSSR/ndf)    : 1.076
variance of residuals (reduced chisquare) = WSSR/ndf   : 1.15777

Final set of parameters            Asymptotic Standard Error
=======================            ==========================

mean_y          = 2.28842          +/- 0.03401      (1.486%)


correlation matrix of the fit parameters:

               mean_y 
mean_y          1.000 


*******************************************************************************
Thu Sep 22 14:34:56 2016


FIT:    data read from 'anisotropy2.txt' u 1:4
        format = x:z
        #datapoints = 1001
        residuals are weighted equally (unit weight)

function used for fitting: f(x)
fitted parameters initialized with current variable values



 Iteration 0
 WSSR        : 143.698           delta(WSSR)/WSSR   : 0
 delta(WSSR) : 0                 limit for stopping : 1e-05
 lambda	  : 1

initial set of free parameter values

mean_y          = 1

After 2 iterations the fit converged.
final sum of squares of residuals : 72.0695
rel. change during last iteration : -9.89915e-07

degrees of freedom    (FIT_NDF)                        : 1000
rms of residuals      (FIT_STDFIT) = sqrt(WSSR/ndf)    : 0.268458
variance of residuals (reduced chisquare) = WSSR/ndf   : 0.0720695

Final set of parameters            Asymptotic Standard Error
=======================            ==========================

mean_y          = 0.732499         +/- 0.008485     (1.158%)


correlation matrix of the fit parameters:

               mean_y 
mean_y          1.000 


*******************************************************************************
Thu Sep 22 14:34:56 2016


FIT:    data read from 'anisotropy2.txt' u 1:5
        format = x:z
        #datapoints = 1001
        residuals are weighted equally (unit weight)

function used for fitting: f(x)
fitted parameters initialized with current variable values



 Iteration 0
 WSSR        : 195.338           delta(WSSR)/WSSR   : 0
 delta(WSSR) : 0                 limit for stopping : 1e-05
 lambda	  : 1

initial set of free parameter values

mean_y          = 1

After 2 iterations the fit converged.
final sum of squares of residuals : 29.2305
rel. change during last iteration : -5.66001e-06

degrees of freedom    (FIT_NDF)                        : 1000
rms of residuals      (FIT_STDFIT) = sqrt(WSSR/ndf)    : 0.170969
variance of residuals (reduced chisquare) = WSSR/ndf   : 0.0292305

Final set of parameters            Asymptotic Standard Error
=======================            ==========================

mean_y          = 0.592641         +/- 0.005404     (0.9118%)


correlation matrix of the fit parameters:

               mean_y 
mean_y          1.000 


*******************************************************************************
Thu Sep 22 14:34:56 2016


FIT:    data read from 'results.txt' u 1:6
        format = x:z
        #datapoints = 1000
        residuals are weighted equally (unit weight)

function used for fitting: f(x)
fitted parameters initialized with current variable values



 Iteration 0
 WSSR        : 1989.38           delta(WSSR)/WSSR   : 0
 delta(WSSR) : 0                 limit for stopping : 1e-05
 lambda	  : 1

initial set of free parameter values

mean_y          = 1

After 3 iterations the fit converged.
final sum of squares of residuals : 17.9497
rel. change during last iteration : -1.22714e-14

degrees of freedom    (FIT_NDF)                        : 999
rms of residuals      (FIT_STDFIT) = sqrt(WSSR/ndf)    : 0.134044
variance of residuals (reduced chisquare) = WSSR/ndf   : 0.0179677

Final set of parameters            Asymptotic Standard Error
=======================            ==========================

mean_y          = 2.40408          +/- 0.004239     (0.1763%)


correlation matrix of the fit parameters:

               mean_y 
mean_y          1.000 


*******************************************************************************
Thu Sep 22 14:34:56 2016


FIT:    data read from 'results.txt' u 1:2
        format = x:z
        #datapoints = 1000
        residuals are weighted equally (unit weight)

function used for fitting: f(x)
fitted parameters initialized with current variable values



 Iteration 0
 WSSR        : 11597             delta(WSSR)/WSSR   : 0
 delta(WSSR) : 0                 limit for stopping : 1e-05
 lambda	  : 1

initial set of free parameter values

mean_y          = 1

After 3 iterations the fit converged.
final sum of squares of residuals : 369.637
rel. change during last iteration : -2.46051e-15

degrees of freedom    (FIT_NDF)                        : 999
rms of residuals      (FIT_STDFIT) = sqrt(WSSR/ndf)    : 0.608282
variance of residuals (reduced chisquare) = WSSR/ndf   : 0.370007

Final set of parameters            Asymptotic Standard Error
=======================            ==========================

mean_y          = 4.35072          +/- 0.01924      (0.4421%)


correlation matrix of the fit parameters:

               mean_y 
mean_y          1.000 


*******************************************************************************
Thu Sep 22 14:34:56 2016


FIT:    data read from 'results.txt' u 1:3
        format = x:z
        #datapoints = 1000
        residuals are weighted equally (unit weight)

function used for fitting: f(x)
fitted parameters initialized with current variable values



 Iteration 0
 WSSR        : 127242            delta(WSSR)/WSSR   : 0
 delta(WSSR) : 0                 limit for stopping : 1e-05
 lambda	  : 1

initial set of free parameter values

mean_y          = 1

After 3 iterations the fit converged.
final sum of squares of residuals : 7652.07
rel. change during last iteration : -3.92225e-15

degrees of freedom    (FIT_NDF)                        : 999
rms of residuals      (FIT_STDFIT) = sqrt(WSSR/ndf)    : 2.76762
variance of residuals (reduced chisquare) = WSSR/ndf   : 7.65973

Final set of parameters            Asymptotic Standard Error
=======================            ==========================

mean_y          = 11.9357          +/- 0.08752      (0.7333%)


correlation matrix of the fit parameters:

               mean_y 
mean_y          1.000 


*******************************************************************************
Thu Sep 22 14:34:56 2016


FIT:    data read from 'results.txt' u 1:4
        format = x:z
        #datapoints = 1000
        residuals are weighted equally (unit weight)

function used for fitting: f(x)
fitted parameters initialized with current variable values



 Iteration 0
 WSSR        : 11476.4           delta(WSSR)/WSSR   : 0
 delta(WSSR) : 0                 limit for stopping : 1e-05
 lambda	  : 1

initial set of free parameter values

mean_y          = 1

After 3 iterations the fit converged.
final sum of squares of residuals : 265.325
rel. change during last iteration : -4.71329e-15

degrees of freedom    (FIT_NDF)                        : 999
rms of residuals      (FIT_STDFIT) = sqrt(WSSR/ndf)    : 0.515355
variance of residuals (reduced chisquare) = WSSR/ndf   : 0.265591

Final set of parameters            Asymptotic Standard Error
=======================            ==========================

mean_y          = 4.34829          +/- 0.0163       (0.3748%)


correlation matrix of the fit parameters:

               mean_y 
mean_y          1.000 


*******************************************************************************
Thu Sep 22 14:34:56 2016


FIT:    data read from 'results.txt' u 1:5
        format = x:z
        #datapoints = 1000
        residuals are weighted equally (unit weight)

function used for fitting: f(x)
fitted parameters initialized with current variable values



 Iteration 0
 WSSR        : 10057.4           delta(WSSR)/WSSR   : 0
 delta(WSSR) : 0                 limit for stopping : 1e-05
 lambda	  : 1

initial set of free parameter values

mean_y          = 1

After 3 iterations the fit converged.
final sum of squares of residuals : 263.676
rel. change during last iteration : -2.37139e-15

degrees of freedom    (FIT_NDF)                        : 999
rms of residuals      (FIT_STDFIT) = sqrt(WSSR/ndf)    : 0.513751
variance of residuals (reduced chisquare) = WSSR/ndf   : 0.26394

Final set of parameters            Asymptotic Standard Error
=======================            ==========================

mean_y          = 4.12949          +/- 0.01625      (0.3934%)


correlation matrix of the fit parameters:

               mean_y 
mean_y          1.000 


*******************************************************************************
Thu Sep 22 14:34:56 2016


FIT:    data read from 'anisotropy2.txt' u 1:2
        format = x:z
        #datapoints = 1001
        residuals are weighted equally (unit weight)

function used for fitting: f(x)
fitted parameters initialized with current variable values



 Iteration 0
 WSSR        : 302498            delta(WSSR)/WSSR   : 0
 delta(WSSR) : 0                 limit for stopping : 1e-05
 lambda	  : 1

initial set of free parameter values

mean_y          = 1

After 2 iterations the fit converged.
final sum of squares of residuals : 34799
rel. change during last iteration : -7.66205e-06

degrees of freedom    (FIT_NDF)                        : 1000
rms of residuals      (FIT_STDFIT) = sqrt(WSSR/ndf)    : 5.89906
variance of residuals (reduced chisquare) = WSSR/ndf   : 34.799

Final set of parameters            Asymptotic Standard Error
=======================            ==========================

mean_y          = 17.3533          +/- 0.1865       (1.074%)


correlation matrix of the fit parameters:

               mean_y 
mean_y          1.000 


*******************************************************************************
Thu Sep 22 14:34:56 2016


FIT:    data read from 'anisotropy2.txt' u 1:3
        format = x:z
        #datapoints = 1001
        residuals are weighted equally (unit weight)

function used for fitting: f(x)
fitted parameters initialized with current variable values



 Iteration 0
 WSSR        : 2819.46           delta(WSSR)/WSSR   : 0
 delta(WSSR) : 0                 limit for stopping : 1e-05
 lambda	  : 1

initial set of free parameter values

mean_y          = 1

After 2 iterations the fit converged.
final sum of squares of residuals : 1157.77
rel. change during last iteration : -1.42953e-06

degrees of freedom    (FIT_NDF)                        : 1000
rms of residuals      (FIT_STDFIT) = sqrt(WSSR/ndf)    : 1.076
variance of residuals (reduced chisquare) = WSSR/ndf   : 1.15777

Final set of parameters            Asymptotic Standard Error
=======================            ==========================

mean_y          = 2.28842          +/- 0.03401      (1.486%)


correlation matrix of the fit parameters:

               mean_y 
mean_y          1.000 


*******************************************************************************
Thu Sep 22 14:34:56 2016


FIT:    data read from 'anisotropy2.txt' u 1:4
        format = x:z
        #datapoints = 1001
        residuals are weighted equally (unit weight)

function used for fitting: f(x)
fitted parameters initialized with current variable values



 Iteration 0
 WSSR        : 143.698           delta(WSSR)/WSSR   : 0
 delta(WSSR) : 0                 limit for stopping : 1e-05
 lambda	  : 1

initial set of free parameter values

mean_y          = 1

After 2 iterations the fit converged.
final sum of squares of residuals : 72.0695
rel. change during last iteration : -9.89915e-07

degrees of freedom    (FIT_NDF)                        : 1000
rms of residuals      (FIT_STDFIT) = sqrt(WSSR/ndf)    : 0.268458
variance of residuals (reduced chisquare) = WSSR/ndf   : 0.0720695

Final set of parameters            Asymptotic Standard Error
=======================            ==========================

mean_y          = 0.732499         +/- 0.008485     (1.158%)


correlation matrix of the fit parameters:

               mean_y 
mean_y          1.000 


*******************************************************************************
Thu Sep 22 14:34:56 2016


FIT:    data read from 'anisotropy2.txt' u 1:5
        format = x:z
        #datapoints = 1001
        residuals are weighted equally (unit weight)

function used for fitting: f(x)
fitted parameters initialized with current variable values



 Iteration 0
 WSSR        : 195.338           delta(WSSR)/WSSR   : 0
 delta(WSSR) : 0                 limit for stopping : 1e-05
 lambda	  : 1

initial set of free parameter values

mean_y          = 1

After 2 iterations the fit converged.
final sum of squares of residuals : 29.2305
rel. change during last iteration : -5.66001e-06

degrees of freedom    (FIT_NDF)                        : 1000
rms of residuals      (FIT_STDFIT) = sqrt(WSSR/ndf)    : 0.170969
variance of residuals (reduced chisquare) = WSSR/ndf   : 0.0292305

Final set of parameters            Asymptotic Standard Error
=======================            ==========================

mean_y          = 0.592641         +/- 0.005404     (0.9118%)


correlation matrix of the fit parameters:

               mean_y 
mean_y          1.000 


*******************************************************************************
Thu Sep 22 14:34:56 2016


FIT:    data read from 'results.txt' u 1:6
        format = x:z
        #datapoints = 1000
        residuals are weighted equally (unit weight)

function used for fitting: f(x)
fitted parameters initialized with current variable values



 Iteration 0
 WSSR        : 1989.38           delta(WSSR)/WSSR   : 0
 delta(WSSR) : 0                 limit for stopping : 1e-05
 lambda	  : 1

initial set of free parameter values

mean_y          = 1

After 3 iterations the fit converged.
final sum of squares of residuals : 17.9497
rel. change during last iteration : -1.22714e-14

degrees of freedom    (FIT_NDF)                        : 999
rms of residuals      (FIT_STDFIT) = sqrt(WSSR/ndf)    : 0.134044
variance of residuals (reduced chisquare) = WSSR/ndf   : 0.0179677

Final set of parameters            Asymptotic Standard Error
=======================            ==========================

mean_y          = 2.40408          +/- 0.004239     (0.1763%)


correlation matrix of the fit parameters:

               mean_y 
mean_y          1.000 
